{"/home/dell/RubyGarage/Template_react_webpack/app/apiClient/client.js": {"path":"/home/dell/RubyGarage/Template_react_webpack/app/apiClient/client.js","statementMap":{"0":{"start":{"line":4,"column":17},"end":{"line":7,"column":2}},"1":{"start":{"line":10,"column":0},"end":{"line":16,"column":3}},"2":{"start":{"line":11,"column":2},"end":{"line":13,"column":4}},"3":{"start":{"line":14,"column":2},"end":{"line":14,"column":59}},"4":{"start":{"line":14,"column":38},"end":{"line":14,"column":58}},"5":{"start":{"line":15,"column":2},"end":{"line":15,"column":16}}},"fnMap":{"0":{"name":"(anonymous_0)","decl":{"start":{"line":10,"column":34},"end":{"line":10,"column":35}},"loc":{"start":{"line":10,"column":44},"end":{"line":16,"column":1}},"line":10},"1":{"name":"(anonymous_1)","decl":{"start":{"line":14,"column":28},"end":{"line":14,"column":29}},"loc":{"start":{"line":14,"column":38},"end":{"line":14,"column":58}},"line":14}},"branchMap":{},"s":{"0":1,"1":1,"2":0,"3":0,"4":0,"5":0},"f":{"0":0,"1":0},"b":{},"_coverageSchema":"43e27e138ebf9cfc5966b082cf9a028302ed4184","hash":"1b1262532dbbdb4e428adfa969abbb3298052fe1"}
,"/home/dell/RubyGarage/Template_react_webpack/app/containers/App/component.jsx": {"path":"/home/dell/RubyGarage/Template_react_webpack/app/containers/App/component.jsx","statementMap":{"0":{"start":{"line":16,"column":21},"end":{"line":32,"column":1}},"1":{"start":{"line":17,"column":2},"end":{"line":31,"column":11}}},"fnMap":{"0":{"name":"(anonymous_0)","decl":{"start":{"line":16,"column":21},"end":{"line":16,"column":22}},"loc":{"start":{"line":17,"column":2},"end":{"line":31,"column":11}},"line":17}},"branchMap":{"0":{"loc":{"start":{"line":19,"column":7},"end":{"line":19,"column":29}},"type":"binary-expr","locations":[{"start":{"line":19,"column":7},"end":{"line":19,"column":15}},{"start":{"line":19,"column":19},"end":{"line":19,"column":29}}],"line":19}},"s":{"0":1,"1":2},"f":{"0":2},"b":{"0":[2,1]},"_coverageSchema":"43e27e138ebf9cfc5966b082cf9a028302ed4184","hash":"6b3453e697a95c86c8485173c6f012ad825682a3"}
,"/home/dell/RubyGarage/Template_react_webpack/app/containers/CreateList/component.jsx": {"path":"/home/dell/RubyGarage/Template_react_webpack/app/containers/CreateList/component.jsx","statementMap":{"0":{"start":{"line":7,"column":20},"end":{"line":10,"column":2}},"1":{"start":{"line":12,"column":28},"end":{"line":29,"column":1}},"2":{"start":{"line":13,"column":2},"end":{"line":28,"column":5}},"3":{"start":{"line":21,"column":8},"end":{"line":25,"column":15}}},"fnMap":{"0":{"name":"(anonymous_0)","decl":{"start":{"line":12,"column":28},"end":{"line":12,"column":29}},"loc":{"start":{"line":13,"column":2},"end":{"line":28,"column":5}},"line":13},"1":{"name":"(anonymous_1)","decl":{"start":{"line":20,"column":7},"end":{"line":20,"column":8}},"loc":{"start":{"line":21,"column":8},"end":{"line":25,"column":15}},"line":21}},"branchMap":{},"s":{"0":1,"1":1,"2":1,"3":0},"f":{"0":1,"1":0},"b":{},"_coverageSchema":"43e27e138ebf9cfc5966b082cf9a028302ed4184","hash":"4d5f415308ab7299b786d4a9330661dbb49cd905"}
,"/home/dell/RubyGarage/Template_react_webpack/app/containers/Dashboard/component.jsx": {"path":"/home/dell/RubyGarage/Template_react_webpack/app/containers/Dashboard/component.jsx","statementMap":{"0":{"start":{"line":9,"column":65},"end":{"line":9,"column":75}},"1":{"start":{"line":11,"column":4},"end":{"line":22,"column":6}}},"fnMap":{"0":{"name":"(anonymous_0)","decl":{"start":{"line":8,"column":2},"end":{"line":8,"column":3}},"loc":{"start":{"line":8,"column":11},"end":{"line":23,"column":3}},"line":8}},"branchMap":{"0":{"loc":{"start":{"line":14,"column":27},"end":{"line":14,"column":75}},"type":"cond-expr","locations":[{"start":{"line":14,"column":42},"end":{"line":14,"column":56}},{"start":{"line":14,"column":59},"end":{"line":14,"column":75}}],"line":14},"1":{"loc":{"start":{"line":17,"column":23},"end":{"line":17,"column":65}},"type":"cond-expr","locations":[{"start":{"line":17,"column":38},"end":{"line":17,"column":49}},{"start":{"line":17,"column":52},"end":{"line":17,"column":65}}],"line":17},"2":{"loc":{"start":{"line":18,"column":19},"end":{"line":18,"column":65}},"type":"cond-expr","locations":[{"start":{"line":18,"column":34},"end":{"line":18,"column":47}},{"start":{"line":18,"column":50},"end":{"line":18,"column":65}}],"line":18},"3":{"loc":{"start":{"line":19,"column":22},"end":{"line":19,"column":76}},"type":"cond-expr","locations":[{"start":{"line":19,"column":37},"end":{"line":19,"column":54}},{"start":{"line":19,"column":57},"end":{"line":19,"column":76}}],"line":19}},"s":{"0":2,"1":2},"f":{"0":2},"b":{"0":[1,1],"1":[1,1],"2":[1,1],"3":[1,1]},"_coverageSchema":"43e27e138ebf9cfc5966b082cf9a028302ed4184","hash":"956b92889f75a045c2791dab007a77d676a09be9"}
,"/home/dell/RubyGarage/Template_react_webpack/app/containers/Dashboard/container.jsx": {"path":"/home/dell/RubyGarage/Template_react_webpack/app/containers/Dashboard/container.jsx","statementMap":{"0":{"start":{"line":12,"column":32},"end":{"line":12,"column":42}},"1":{"start":{"line":13,"column":4},"end":{"line":13,"column":33}},"2":{"start":{"line":17,"column":4},"end":{"line":17,"column":50}},"3":{"start":{"line":21,"column":24},"end":{"line":24,"column":2}},"4":{"start":{"line":21,"column":34},"end":{"line":24,"column":1}},"5":{"start":{"line":26,"column":27},"end":{"line":29,"column":1}}},"fnMap":{"0":{"name":"(anonymous_0)","decl":{"start":{"line":11,"column":2},"end":{"line":11,"column":3}},"loc":{"start":{"line":11,"column":22},"end":{"line":14,"column":3}},"line":11},"1":{"name":"(anonymous_1)","decl":{"start":{"line":16,"column":2},"end":{"line":16,"column":3}},"loc":{"start":{"line":16,"column":11},"end":{"line":18,"column":3}},"line":16},"2":{"name":"(anonymous_2)","decl":{"start":{"line":21,"column":24},"end":{"line":21,"column":25}},"loc":{"start":{"line":21,"column":34},"end":{"line":24,"column":1}},"line":21}},"branchMap":{},"s":{"0":0,"1":0,"2":0,"3":3,"4":0,"5":3},"f":{"0":0,"1":0,"2":0},"b":{},"_coverageSchema":"43e27e138ebf9cfc5966b082cf9a028302ed4184","hash":"015b99c0ced902b153ff54b3fbd3bcd833706c8b"}
,"/home/dell/RubyGarage/Template_react_webpack/app/containers/Dashboard/index.jsx": {"path":"/home/dell/RubyGarage/Template_react_webpack/app/containers/Dashboard/index.jsx","statementMap":{},"fnMap":{},"branchMap":{},"s":{},"f":{},"b":{},"_coverageSchema":"43e27e138ebf9cfc5966b082cf9a028302ed4184","hash":"e59853da6005c8d71f8abe9e87f3145509850ae8"}
,"/home/dell/RubyGarage/Template_react_webpack/app/containers/Favorites/component.jsx": {"path":"/home/dell/RubyGarage/Template_react_webpack/app/containers/Favorites/component.jsx","statementMap":{"0":{"start":{"line":3,"column":27},"end":{"line":7,"column":1}},"1":{"start":{"line":4,"column":2},"end":{"line":6,"column":5}}},"fnMap":{"0":{"name":"(anonymous_0)","decl":{"start":{"line":3,"column":27},"end":{"line":3,"column":28}},"loc":{"start":{"line":4,"column":2},"end":{"line":6,"column":5}},"line":4}},"branchMap":{},"s":{"0":2,"1":1},"f":{"0":1},"b":{},"_coverageSchema":"43e27e138ebf9cfc5966b082cf9a028302ed4184","hash":"53d83eb9780227d8262d237d29aae92f82eda278"}
,"/home/dell/RubyGarage/Template_react_webpack/app/containers/Favorites/container.jsx": {"path":"/home/dell/RubyGarage/Template_react_webpack/app/containers/Favorites/container.jsx","statementMap":{"0":{"start":{"line":8,"column":24},"end":{"line":10,"column":2}},"1":{"start":{"line":8,"column":34},"end":{"line":10,"column":1}},"2":{"start":{"line":12,"column":27},"end":{"line":14,"column":1}}},"fnMap":{"0":{"name":"(anonymous_0)","decl":{"start":{"line":8,"column":24},"end":{"line":8,"column":25}},"loc":{"start":{"line":8,"column":34},"end":{"line":10,"column":1}},"line":8}},"branchMap":{},"s":{"0":1,"1":0,"2":1},"f":{"0":0},"b":{},"_coverageSchema":"43e27e138ebf9cfc5966b082cf9a028302ed4184","hash":"d28e3af7bd680df8d4cfa523605d51c9fea83f7b"}
,"/home/dell/RubyGarage/Template_react_webpack/app/containers/Favorites/index.jsx": {"path":"/home/dell/RubyGarage/Template_react_webpack/app/containers/Favorites/index.jsx","statementMap":{},"fnMap":{},"branchMap":{},"s":{},"f":{},"b":{},"_coverageSchema":"43e27e138ebf9cfc5966b082cf9a028302ed4184","hash":"c0b51c355888e4f45d6082377e99530cfb03a003"}
,"/home/dell/RubyGarage/Template_react_webpack/app/containers/Header/component.jsx": {"path":"/home/dell/RubyGarage/Template_react_webpack/app/containers/Header/component.jsx","statementMap":{"0":{"start":{"line":5,"column":16},"end":{"line":23,"column":1}},"1":{"start":{"line":6,"column":2},"end":{"line":22,"column":9}},"2":{"start":{"line":25,"column":24},"end":{"line":56,"column":1}},"3":{"start":{"line":26,"column":2},"end":{"line":55,"column":4}}},"fnMap":{"0":{"name":"(anonymous_0)","decl":{"start":{"line":5,"column":16},"end":{"line":5,"column":17}},"loc":{"start":{"line":6,"column":2},"end":{"line":22,"column":9}},"line":6},"1":{"name":"(anonymous_1)","decl":{"start":{"line":25,"column":24},"end":{"line":25,"column":25}},"loc":{"start":{"line":25,"column":86},"end":{"line":56,"column":1}},"line":25}},"branchMap":{"0":{"loc":{"start":{"line":35,"column":15},"end":{"line":43,"column":15}},"type":"cond-expr","locations":[{"start":{"line":36,"column":16},"end":{"line":40,"column":18}},{"start":{"line":42,"column":16},"end":{"line":42,"column":38}}],"line":35}},"s":{"0":2,"1":2,"2":2,"3":2},"f":{"0":2,"1":2},"b":{"0":[1,1]},"_coverageSchema":"43e27e138ebf9cfc5966b082cf9a028302ed4184","hash":"680221da17c426d6523a25ca4d40012828e8cff8"}
,"/home/dell/RubyGarage/Template_react_webpack/app/containers/Header/container.jsx": {"path":"/home/dell/RubyGarage/Template_react_webpack/app/containers/Header/container.jsx","statementMap":{"0":{"start":{"line":12,"column":27},"end":{"line":12,"column":37}},"1":{"start":{"line":13,"column":4},"end":{"line":13,"column":17}},"2":{"start":{"line":17,"column":4},"end":{"line":17,"column":47}},"3":{"start":{"line":21,"column":24},"end":{"line":23,"column":2}},"4":{"start":{"line":21,"column":34},"end":{"line":23,"column":1}},"5":{"start":{"line":25,"column":27},"end":{"line":28,"column":1}}},"fnMap":{"0":{"name":"(anonymous_0)","decl":{"start":{"line":11,"column":2},"end":{"line":11,"column":3}},"loc":{"start":{"line":11,"column":22},"end":{"line":14,"column":3}},"line":11},"1":{"name":"(anonymous_1)","decl":{"start":{"line":16,"column":2},"end":{"line":16,"column":3}},"loc":{"start":{"line":16,"column":11},"end":{"line":18,"column":3}},"line":16},"2":{"name":"(anonymous_2)","decl":{"start":{"line":21,"column":24},"end":{"line":21,"column":25}},"loc":{"start":{"line":21,"column":34},"end":{"line":23,"column":1}},"line":21}},"branchMap":{},"s":{"0":0,"1":0,"2":0,"3":1,"4":0,"5":1},"f":{"0":0,"1":0,"2":0},"b":{},"_coverageSchema":"43e27e138ebf9cfc5966b082cf9a028302ed4184","hash":"188adb1ee93b459a3d00ccf6b97e1c51eae17169"}
,"/home/dell/RubyGarage/Template_react_webpack/app/containers/Header/index.jsx": {"path":"/home/dell/RubyGarage/Template_react_webpack/app/containers/Header/index.jsx","statementMap":{},"fnMap":{},"branchMap":{},"s":{},"f":{},"b":{},"_coverageSchema":"43e27e138ebf9cfc5966b082cf9a028302ed4184","hash":"d8a4db31b6ad04366a51583e8a84f2372d9c3388"}
,"/home/dell/RubyGarage/Template_react_webpack/app/containers/Home/component.jsx": {"path":"/home/dell/RubyGarage/Template_react_webpack/app/containers/Home/component.jsx","statementMap":{"0":{"start":{"line":6,"column":22},"end":{"line":6,"column":88}},"1":{"start":{"line":6,"column":40},"end":{"line":6,"column":88}}},"fnMap":{"0":{"name":"(anonymous_0)","decl":{"start":{"line":6,"column":22},"end":{"line":6,"column":23}},"loc":{"start":{"line":6,"column":40},"end":{"line":6,"column":88}},"line":6}},"branchMap":{"0":{"loc":{"start":{"line":6,"column":43},"end":{"line":6,"column":84}},"type":"cond-expr","locations":[{"start":{"line":6,"column":55},"end":{"line":6,"column":68}},{"start":{"line":6,"column":71},"end":{"line":6,"column":84}}],"line":6}},"s":{"0":2,"1":2},"f":{"0":2},"b":{"0":[1,1]},"_coverageSchema":"43e27e138ebf9cfc5966b082cf9a028302ed4184","hash":"8a4c827b034b9b22cc655ad4e611979248254a1b"}
,"/home/dell/RubyGarage/Template_react_webpack/app/containers/Home/container.jsx": {"path":"/home/dell/RubyGarage/Template_react_webpack/app/containers/Home/container.jsx","statementMap":{"0":{"start":{"line":6,"column":24},"end":{"line":8,"column":2}},"1":{"start":{"line":6,"column":34},"end":{"line":8,"column":1}}},"fnMap":{"0":{"name":"(anonymous_0)","decl":{"start":{"line":6,"column":24},"end":{"line":6,"column":25}},"loc":{"start":{"line":6,"column":34},"end":{"line":8,"column":1}},"line":6}},"branchMap":{},"s":{"0":1,"1":0},"f":{"0":0},"b":{},"_coverageSchema":"43e27e138ebf9cfc5966b082cf9a028302ed4184","hash":"86c5b7ce64c3512c3004e9f684b7b65415f72351"}
,"/home/dell/RubyGarage/Template_react_webpack/app/containers/Home/index.jsx": {"path":"/home/dell/RubyGarage/Template_react_webpack/app/containers/Home/index.jsx","statementMap":{},"fnMap":{},"branchMap":{},"s":{},"f":{},"b":{},"_coverageSchema":"43e27e138ebf9cfc5966b082cf9a028302ed4184","hash":"076a42e159ab993629a6aa31753cb1e95386aabf"}
,"/home/dell/RubyGarage/Template_react_webpack/app/containers/LoginForm/component.jsx": {"path":"/home/dell/RubyGarage/Template_react_webpack/app/containers/LoginForm/component.jsx","statementMap":{"0":{"start":{"line":8,"column":20},"end":{"line":15,"column":2}},"1":{"start":{"line":17,"column":27},"end":{"line":57,"column":1}},"2":{"start":{"line":18,"column":2},"end":{"line":56,"column":11}},"3":{"start":{"line":24,"column":8},"end":{"line":24,"column":36}},"4":{"start":{"line":25,"column":8},"end":{"line":25,"column":39}},"5":{"start":{"line":28,"column":8},"end":{"line":53,"column":15}}},"fnMap":{"0":{"name":"(anonymous_0)","decl":{"start":{"line":17,"column":27},"end":{"line":17,"column":28}},"loc":{"start":{"line":18,"column":2},"end":{"line":56,"column":11}},"line":18},"1":{"name":"(anonymous_1)","decl":{"start":{"line":23,"column":16},"end":{"line":23,"column":17}},"loc":{"start":{"line":23,"column":37},"end":{"line":26,"column":7}},"line":23},"2":{"name":"(anonymous_2)","decl":{"start":{"line":27,"column":14},"end":{"line":27,"column":15}},"loc":{"start":{"line":28,"column":8},"end":{"line":53,"column":15}},"line":28}},"branchMap":{"0":{"loc":{"start":{"line":48,"column":18},"end":{"line":48,"column":53}},"type":"cond-expr","locations":[{"start":{"line":48,"column":39},"end":{"line":48,"column":48}},{"start":{"line":48,"column":51},"end":{"line":48,"column":53}}],"line":48},"1":{"loc":{"start":{"line":50,"column":11},"end":{"line":52,"column":11}},"type":"binary-expr","locations":[{"start":{"line":50,"column":11},"end":{"line":50,"column":21}},{"start":{"line":51,"column":12},"end":{"line":51,"column":98}}],"line":50}},"s":{"0":3,"1":3,"2":1,"3":0,"4":0,"5":0},"f":{"0":1,"1":0,"2":0},"b":{"0":[0,0],"1":[0,0]},"_coverageSchema":"43e27e138ebf9cfc5966b082cf9a028302ed4184","hash":"889358c3b2cd4cd5008a95cffb7bf6b042de5037"}
,"/home/dell/RubyGarage/Template_react_webpack/app/containers/LoginForm/container.jsx": {"path":"/home/dell/RubyGarage/Template_react_webpack/app/containers/LoginForm/container.jsx","statementMap":{"0":{"start":{"line":7,"column":24},"end":{"line":9,"column":2}},"1":{"start":{"line":7,"column":34},"end":{"line":9,"column":1}},"2":{"start":{"line":11,"column":27},"end":{"line":13,"column":1}}},"fnMap":{"0":{"name":"(anonymous_0)","decl":{"start":{"line":7,"column":24},"end":{"line":7,"column":25}},"loc":{"start":{"line":7,"column":34},"end":{"line":9,"column":1}},"line":7}},"branchMap":{},"s":{"0":2,"1":0,"2":2},"f":{"0":0},"b":{},"_coverageSchema":"43e27e138ebf9cfc5966b082cf9a028302ed4184","hash":"0d01a19fdc6da0499faaff0e9f126fcfcb91c33f"}
,"/home/dell/RubyGarage/Template_react_webpack/app/containers/LoginForm/index.jsx": {"path":"/home/dell/RubyGarage/Template_react_webpack/app/containers/LoginForm/index.jsx","statementMap":{},"fnMap":{},"branchMap":{},"s":{},"f":{},"b":{},"_coverageSchema":"43e27e138ebf9cfc5966b082cf9a028302ed4184","hash":"7b6fbb8d463206aee927f55221c633b202104668"}
,"/home/dell/RubyGarage/Template_react_webpack/app/containers/Movie/component.jsx": {"path":"/home/dell/RubyGarage/Template_react_webpack/app/containers/Movie/component.jsx","statementMap":{"0":{"start":{"line":6,"column":23},"end":{"line":116,"column":1}},"1":{"start":{"line":7,"column":2},"end":{"line":115,"column":5}},"2":{"start":{"line":14,"column":16},"end":{"line":20,"column":22}},"3":{"start":{"line":87,"column":16},"end":{"line":87,"column":52}}},"fnMap":{"0":{"name":"(anonymous_0)","decl":{"start":{"line":6,"column":23},"end":{"line":6,"column":24}},"loc":{"start":{"line":7,"column":2},"end":{"line":115,"column":5}},"line":7},"1":{"name":"(anonymous_1)","decl":{"start":{"line":13,"column":35},"end":{"line":13,"column":36}},"loc":{"start":{"line":14,"column":16},"end":{"line":20,"column":22}},"line":14},"2":{"name":"(anonymous_2)","decl":{"start":{"line":86,"column":32},"end":{"line":86,"column":33}},"loc":{"start":{"line":87,"column":16},"end":{"line":87,"column":52}},"line":87}},"branchMap":{"0":{"loc":{"start":{"line":8,"column":5},"end":{"line":114,"column":5}},"type":"binary-expr","locations":[{"start":{"line":8,"column":5},"end":{"line":8,"column":10}},{"start":{"line":9,"column":6},"end":{"line":113,"column":9}}],"line":8}},"s":{"0":2,"1":1,"2":0,"3":0},"f":{"0":1,"1":0,"2":0},"b":{"0":[1,1]},"_coverageSchema":"43e27e138ebf9cfc5966b082cf9a028302ed4184","hash":"46fd96a2af8272476691a92990ef4ae2c5b5e178"}
,"/home/dell/RubyGarage/Template_react_webpack/app/containers/Movie/container.jsx": {"path":"/home/dell/RubyGarage/Template_react_webpack/app/containers/Movie/container.jsx","statementMap":{"0":{"start":{"line":15,"column":8},"end":{"line":15,"column":18}},"1":{"start":{"line":16,"column":4},"end":{"line":16,"column":21}},"2":{"start":{"line":20,"column":4},"end":{"line":20,"column":46}},"3":{"start":{"line":24,"column":24},"end":{"line":33,"column":2}},"4":{"start":{"line":31,"column":6},"end":{"line":33,"column":1}},"5":{"start":{"line":35,"column":27},"end":{"line":37,"column":1}}},"fnMap":{"0":{"name":"(anonymous_0)","decl":{"start":{"line":9,"column":2},"end":{"line":9,"column":3}},"loc":{"start":{"line":9,"column":22},"end":{"line":17,"column":3}},"line":9},"1":{"name":"(anonymous_1)","decl":{"start":{"line":19,"column":2},"end":{"line":19,"column":3}},"loc":{"start":{"line":19,"column":11},"end":{"line":21,"column":3}},"line":19},"2":{"name":"(anonymous_2)","decl":{"start":{"line":24,"column":24},"end":{"line":24,"column":25}},"loc":{"start":{"line":31,"column":6},"end":{"line":33,"column":1}},"line":31}},"branchMap":{},"s":{"0":0,"1":0,"2":0,"3":1,"4":0,"5":1},"f":{"0":0,"1":0,"2":0},"b":{},"_coverageSchema":"43e27e138ebf9cfc5966b082cf9a028302ed4184","hash":"579c2e0576f298f56dcb521fdb2bea847c98f315"}
,"/home/dell/RubyGarage/Template_react_webpack/app/containers/Movie/index.jsx": {"path":"/home/dell/RubyGarage/Template_react_webpack/app/containers/Movie/index.jsx","statementMap":{},"fnMap":{},"branchMap":{},"s":{},"f":{},"b":{},"_coverageSchema":"43e27e138ebf9cfc5966b082cf9a028302ed4184","hash":"f7c00bba92cae283d9f1fd294c8ec18828e0584b"}
,"/home/dell/RubyGarage/Template_react_webpack/app/containers/MovieDetails/component.jsx": {"path":"/home/dell/RubyGarage/Template_react_webpack/app/containers/MovieDetails/component.jsx","statementMap":{"0":{"start":{"line":4,"column":14},"end":{"line":6,"column":1}},"1":{"start":{"line":5,"column":2},"end":{"line":5,"column":90}},"2":{"start":{"line":8,"column":30},"end":{"line":27,"column":1}},"3":{"start":{"line":9,"column":2},"end":{"line":26,"column":8}},"4":{"start":{"line":12,"column":8},"end":{"line":23,"column":14}}},"fnMap":{"0":{"name":"(anonymous_0)","decl":{"start":{"line":4,"column":14},"end":{"line":4,"column":15}},"loc":{"start":{"line":5,"column":2},"end":{"line":5,"column":90}},"line":5},"1":{"name":"(anonymous_1)","decl":{"start":{"line":8,"column":30},"end":{"line":8,"column":31}},"loc":{"start":{"line":9,"column":2},"end":{"line":26,"column":8}},"line":9},"2":{"name":"(anonymous_2)","decl":{"start":{"line":11,"column":24},"end":{"line":11,"column":25}},"loc":{"start":{"line":12,"column":8},"end":{"line":23,"column":14}},"line":12}},"branchMap":{"0":{"loc":{"start":{"line":21,"column":54},"end":{"line":21,"column":80}},"type":"binary-expr","locations":[{"start":{"line":21,"column":54},"end":{"line":21,"column":68}},{"start":{"line":21,"column":72},"end":{"line":21,"column":80}}],"line":21}},"s":{"0":3,"1":0,"2":3,"3":1,"4":0},"f":{"0":0,"1":1,"2":0},"b":{"0":[0,0]},"_coverageSchema":"43e27e138ebf9cfc5966b082cf9a028302ed4184","hash":"0b63d6f47254ab9fce7c09108ac2196514234656"}
,"/home/dell/RubyGarage/Template_react_webpack/app/containers/MovieDetails/index.jsx": {"path":"/home/dell/RubyGarage/Template_react_webpack/app/containers/MovieDetails/index.jsx","statementMap":{},"fnMap":{},"branchMap":{},"s":{},"f":{},"b":{},"_coverageSchema":"43e27e138ebf9cfc5966b082cf9a028302ed4184","hash":"aa498f17f1befcc2bc9e61d01ea10ee4d7d8af48"}
,"/home/dell/RubyGarage/Template_react_webpack/app/containers/MovieItem/component.jsx": {"path":"/home/dell/RubyGarage/Template_react_webpack/app/containers/MovieItem/component.jsx","statementMap":{"0":{"start":{"line":5,"column":14},"end":{"line":7,"column":1}},"1":{"start":{"line":6,"column":2},"end":{"line":6,"column":90}},"2":{"start":{"line":9,"column":27},"end":{"line":15,"column":1}},"3":{"start":{"line":10,"column":2},"end":{"line":14,"column":9}}},"fnMap":{"0":{"name":"(anonymous_0)","decl":{"start":{"line":5,"column":14},"end":{"line":5,"column":15}},"loc":{"start":{"line":6,"column":2},"end":{"line":6,"column":90}},"line":6},"1":{"name":"(anonymous_1)","decl":{"start":{"line":9,"column":27},"end":{"line":9,"column":28}},"loc":{"start":{"line":10,"column":2},"end":{"line":14,"column":9}},"line":10}},"branchMap":{},"s":{"0":6,"1":1,"2":6,"3":1},"f":{"0":1,"1":1},"b":{},"_coverageSchema":"43e27e138ebf9cfc5966b082cf9a028302ed4184","hash":"1472166909ba0d9b23588ff5fbc3c19fd0ea47d8"}
,"/home/dell/RubyGarage/Template_react_webpack/app/containers/MovieItem/index.jsx": {"path":"/home/dell/RubyGarage/Template_react_webpack/app/containers/MovieItem/index.jsx","statementMap":{},"fnMap":{},"branchMap":{},"s":{},"f":{},"b":{},"_coverageSchema":"43e27e138ebf9cfc5966b082cf9a028302ed4184","hash":"c17881638c4848c2b21190c9baf63d36ce9c3d0c"}
,"/home/dell/RubyGarage/Template_react_webpack/app/containers/MovieList/component.jsx": {"path":"/home/dell/RubyGarage/Template_react_webpack/app/containers/MovieList/component.jsx","statementMap":{"0":{"start":{"line":6,"column":27},"end":{"line":31,"column":1}},"1":{"start":{"line":7,"column":2},"end":{"line":30,"column":8}},"2":{"start":{"line":11,"column":10},"end":{"line":20,"column":16}}},"fnMap":{"0":{"name":"(anonymous_0)","decl":{"start":{"line":6,"column":27},"end":{"line":6,"column":28}},"loc":{"start":{"line":7,"column":2},"end":{"line":30,"column":8}},"line":7},"1":{"name":"(anonymous_1)","decl":{"start":{"line":10,"column":19},"end":{"line":10,"column":20}},"loc":{"start":{"line":11,"column":10},"end":{"line":20,"column":16}},"line":11}},"branchMap":{"0":{"loc":{"start":{"line":9,"column":7},"end":{"line":28,"column":7}},"type":"cond-expr","locations":[{"start":{"line":10,"column":8},"end":{"line":21,"column":10}},{"start":{"line":23,"column":8},"end":{"line":27,"column":10}}],"line":9}},"s":{"0":5,"1":1,"2":0},"f":{"0":1,"1":0},"b":{"0":[0,1]},"_coverageSchema":"43e27e138ebf9cfc5966b082cf9a028302ed4184","hash":"b1eb27cb30002e46b6d356faee8ed6156a80a11f"}
,"/home/dell/RubyGarage/Template_react_webpack/app/containers/MovieList/index.jsx": {"path":"/home/dell/RubyGarage/Template_react_webpack/app/containers/MovieList/index.jsx","statementMap":{},"fnMap":{},"branchMap":{},"s":{},"f":{},"b":{},"_coverageSchema":"43e27e138ebf9cfc5966b082cf9a028302ed4184","hash":"1c65aa59632b4106219144a7d2e94ba448c673f9"}
,"/home/dell/RubyGarage/Template_react_webpack/app/containers/MyLists/component.jsx": {"path":"/home/dell/RubyGarage/Template_react_webpack/app/containers/MyLists/component.jsx","statementMap":{"0":{"start":{"line":3,"column":25},"end":{"line":7,"column":1}},"1":{"start":{"line":4,"column":2},"end":{"line":6,"column":5}}},"fnMap":{"0":{"name":"(anonymous_0)","decl":{"start":{"line":3,"column":25},"end":{"line":3,"column":26}},"loc":{"start":{"line":4,"column":2},"end":{"line":6,"column":5}},"line":4}},"branchMap":{},"s":{"0":2,"1":1},"f":{"0":1},"b":{},"_coverageSchema":"43e27e138ebf9cfc5966b082cf9a028302ed4184","hash":"bbce0fd685aa68984fbb6d39255c6c1e453e24d0"}
,"/home/dell/RubyGarage/Template_react_webpack/app/containers/MyLists/container.jsx": {"path":"/home/dell/RubyGarage/Template_react_webpack/app/containers/MyLists/container.jsx","statementMap":{"0":{"start":{"line":8,"column":24},"end":{"line":10,"column":2}},"1":{"start":{"line":8,"column":34},"end":{"line":10,"column":1}},"2":{"start":{"line":12,"column":27},"end":{"line":14,"column":1}}},"fnMap":{"0":{"name":"(anonymous_0)","decl":{"start":{"line":8,"column":24},"end":{"line":8,"column":25}},"loc":{"start":{"line":8,"column":34},"end":{"line":10,"column":1}},"line":8}},"branchMap":{},"s":{"0":1,"1":0,"2":1},"f":{"0":0},"b":{},"_coverageSchema":"43e27e138ebf9cfc5966b082cf9a028302ed4184","hash":"1a031c22703875f502894502fe2542bf55142ff6"}
,"/home/dell/RubyGarage/Template_react_webpack/app/containers/MyLists/index.jsx": {"path":"/home/dell/RubyGarage/Template_react_webpack/app/containers/MyLists/index.jsx","statementMap":{},"fnMap":{},"branchMap":{},"s":{},"f":{},"b":{},"_coverageSchema":"43e27e138ebf9cfc5966b082cf9a028302ed4184","hash":"f2144a784db2f891e05624a9ff3770940d6795d1"}
,"/home/dell/RubyGarage/Template_react_webpack/app/containers/NotFound/component.jsx": {"path":"/home/dell/RubyGarage/Template_react_webpack/app/containers/NotFound/component.jsx","statementMap":{"0":{"start":{"line":3,"column":26},"end":{"line":10,"column":1}},"1":{"start":{"line":4,"column":2},"end":{"line":9,"column":12}}},"fnMap":{"0":{"name":"(anonymous_0)","decl":{"start":{"line":3,"column":26},"end":{"line":3,"column":27}},"loc":{"start":{"line":4,"column":2},"end":{"line":9,"column":12}},"line":4}},"branchMap":{},"s":{"0":2,"1":1},"f":{"0":1},"b":{},"_coverageSchema":"43e27e138ebf9cfc5966b082cf9a028302ed4184","hash":"685ba3e27f74be44bab04923efa809551a4ce8d2"}
,"/home/dell/RubyGarage/Template_react_webpack/app/containers/NotFound/index.jsx": {"path":"/home/dell/RubyGarage/Template_react_webpack/app/containers/NotFound/index.jsx","statementMap":{},"fnMap":{},"branchMap":{},"s":{},"f":{},"b":{},"_coverageSchema":"43e27e138ebf9cfc5966b082cf9a028302ed4184","hash":"7f484ff0f89467554e058c1596150358cca4601b"}
,"/home/dell/RubyGarage/Template_react_webpack/app/containers/Pagination/component.jsx": {"path":"/home/dell/RubyGarage/Template_react_webpack/app/containers/Pagination/component.jsx","statementMap":{"0":{"start":{"line":4,"column":28},"end":{"line":20,"column":1}},"1":{"start":{"line":5,"column":2},"end":{"line":19,"column":5}},"2":{"start":{"line":14,"column":30},"end":{"line":14,"column":73}}},"fnMap":{"0":{"name":"(anonymous_0)","decl":{"start":{"line":4,"column":28},"end":{"line":4,"column":29}},"loc":{"start":{"line":5,"column":2},"end":{"line":19,"column":5}},"line":5},"1":{"name":"(anonymous_1)","decl":{"start":{"line":14,"column":22},"end":{"line":14,"column":23}},"loc":{"start":{"line":14,"column":30},"end":{"line":14,"column":73}},"line":14}},"branchMap":{"0":{"loc":{"start":{"line":6,"column":5},"end":{"line":18,"column":12}},"type":"cond-expr","locations":[{"start":{"line":7,"column":6},"end":{"line":17,"column":12}},{"start":{"line":18,"column":8},"end":{"line":18,"column":12}}],"line":6},"1":{"loc":{"start":{"line":14,"column":38},"end":{"line":14,"column":72}},"type":"cond-expr","locations":[{"start":{"line":14,"column":46},"end":{"line":14,"column":61}},{"start":{"line":14,"column":64},"end":{"line":14,"column":72}}],"line":14}},"s":{"0":5,"1":1,"2":0},"f":{"0":1,"1":0},"b":{"0":[1,0],"1":[0,0]},"_coverageSchema":"43e27e138ebf9cfc5966b082cf9a028302ed4184","hash":"09134a08aeee2573fab7a59a9d173a227de467ab"}
,"/home/dell/RubyGarage/Template_react_webpack/app/containers/Pagination/index.jsx": {"path":"/home/dell/RubyGarage/Template_react_webpack/app/containers/Pagination/index.jsx","statementMap":{},"fnMap":{},"branchMap":{},"s":{},"f":{},"b":{},"_coverageSchema":"43e27e138ebf9cfc5966b082cf9a028302ed4184","hash":"7ca4d68f9bb304e97f04e92ce4563ed40c645210"}
,"/home/dell/RubyGarage/Template_react_webpack/app/containers/PrivateRoute/component.jsx": {"path":"/home/dell/RubyGarage/Template_react_webpack/app/containers/PrivateRoute/component.jsx","statementMap":{"0":{"start":{"line":4,"column":30},"end":{"line":22,"column":1}},"1":{"start":{"line":5,"column":2},"end":{"line":21,"column":4}},"2":{"start":{"line":9,"column":9},"end":{"line":18,"column":9}}},"fnMap":{"0":{"name":"(anonymous_0)","decl":{"start":{"line":4,"column":30},"end":{"line":4,"column":31}},"loc":{"start":{"line":4,"column":79},"end":{"line":22,"column":1}},"line":4},"1":{"name":"(anonymous_1)","decl":{"start":{"line":8,"column":14},"end":{"line":8,"column":15}},"loc":{"start":{"line":9,"column":9},"end":{"line":18,"column":9}},"line":9}},"branchMap":{"0":{"loc":{"start":{"line":9,"column":9},"end":{"line":18,"column":9}},"type":"cond-expr","locations":[{"start":{"line":10,"column":10},"end":{"line":10,"column":34}},{"start":{"line":12,"column":10},"end":{"line":17,"column":12}}],"line":9}},"s":{"0":2,"1":1,"2":0},"f":{"0":1,"1":0},"b":{"0":[0,0]},"_coverageSchema":"43e27e138ebf9cfc5966b082cf9a028302ed4184","hash":"56afcda62cf3d10030bbe0942e8e59044ac1ad3d"}
,"/home/dell/RubyGarage/Template_react_webpack/app/containers/PrivateRoute/index.jsx": {"path":"/home/dell/RubyGarage/Template_react_webpack/app/containers/PrivateRoute/index.jsx","statementMap":{},"fnMap":{},"branchMap":{},"s":{},"f":{},"b":{},"_coverageSchema":"43e27e138ebf9cfc5966b082cf9a028302ed4184","hash":"c3c06f8ec28d60a0bdea33e10d74543b0cbc0e60"}
,"/home/dell/RubyGarage/Template_react_webpack/app/containers/Search/component.jsx": {"path":"/home/dell/RubyGarage/Template_react_webpack/app/containers/Search/component.jsx","statementMap":{"0":{"start":{"line":4,"column":24},"end":{"line":21,"column":1}},"1":{"start":{"line":5,"column":2},"end":{"line":20,"column":8}},"2":{"start":{"line":17,"column":27},"end":{"line":17,"column":62}}},"fnMap":{"0":{"name":"(anonymous_0)","decl":{"start":{"line":4,"column":24},"end":{"line":4,"column":25}},"loc":{"start":{"line":5,"column":2},"end":{"line":20,"column":8}},"line":5},"1":{"name":"(anonymous_1)","decl":{"start":{"line":17,"column":18},"end":{"line":17,"column":19}},"loc":{"start":{"line":17,"column":27},"end":{"line":17,"column":62}},"line":17}},"branchMap":{},"s":{"0":5,"1":1,"2":0},"f":{"0":1,"1":0},"b":{},"_coverageSchema":"43e27e138ebf9cfc5966b082cf9a028302ed4184","hash":"691cf4641f172d2747794455667c4dc6c1e76285"}
,"/home/dell/RubyGarage/Template_react_webpack/app/containers/Search/index.jsx": {"path":"/home/dell/RubyGarage/Template_react_webpack/app/containers/Search/index.jsx","statementMap":{},"fnMap":{},"branchMap":{},"s":{},"f":{},"b":{},"_coverageSchema":"43e27e138ebf9cfc5966b082cf9a028302ed4184","hash":"a7d3c8f79e7d0c73070e736ca32c2d2dfb087da9"}
,"/home/dell/RubyGarage/Template_react_webpack/app/containers/Watchlist/component.jsx": {"path":"/home/dell/RubyGarage/Template_react_webpack/app/containers/Watchlist/component.jsx","statementMap":{"0":{"start":{"line":3,"column":27},"end":{"line":7,"column":1}},"1":{"start":{"line":4,"column":2},"end":{"line":6,"column":5}}},"fnMap":{"0":{"name":"(anonymous_0)","decl":{"start":{"line":3,"column":27},"end":{"line":3,"column":28}},"loc":{"start":{"line":4,"column":2},"end":{"line":6,"column":5}},"line":4}},"branchMap":{},"s":{"0":2,"1":1},"f":{"0":1},"b":{},"_coverageSchema":"43e27e138ebf9cfc5966b082cf9a028302ed4184","hash":"17cdaebd6229fe12cbe35f773cc6126841925a07"}
,"/home/dell/RubyGarage/Template_react_webpack/app/containers/Watchlist/container.jsx": {"path":"/home/dell/RubyGarage/Template_react_webpack/app/containers/Watchlist/container.jsx","statementMap":{"0":{"start":{"line":8,"column":24},"end":{"line":10,"column":2}},"1":{"start":{"line":8,"column":34},"end":{"line":10,"column":1}},"2":{"start":{"line":12,"column":27},"end":{"line":14,"column":1}}},"fnMap":{"0":{"name":"(anonymous_0)","decl":{"start":{"line":8,"column":24},"end":{"line":8,"column":25}},"loc":{"start":{"line":8,"column":34},"end":{"line":10,"column":1}},"line":8}},"branchMap":{},"s":{"0":1,"1":0,"2":1},"f":{"0":0},"b":{},"_coverageSchema":"43e27e138ebf9cfc5966b082cf9a028302ed4184","hash":"b42939d930df95287eab3ed95e618ddc73765e55"}
,"/home/dell/RubyGarage/Template_react_webpack/app/containers/Watchlist/index.jsx": {"path":"/home/dell/RubyGarage/Template_react_webpack/app/containers/Watchlist/index.jsx","statementMap":{},"fnMap":{},"branchMap":{},"s":{},"f":{},"b":{},"_coverageSchema":"43e27e138ebf9cfc5966b082cf9a028302ed4184","hash":"4752f8061295fd780a57e984ec5c8911076a8694"}
,"/home/dell/RubyGarage/Template_react_webpack/app/helpers/cookie.js": {"path":"/home/dell/RubyGarage/Template_react_webpack/app/helpers/cookie.js","statementMap":{"0":{"start":{"line":1,"column":13},"end":{"line":1,"column":23}},"1":{"start":{"line":2,"column":0},"end":{"line":2,"column":48}},"2":{"start":{"line":4,"column":25},"end":{"line":22,"column":1}},"3":{"start":{"line":5,"column":17},"end":{"line":5,"column":38}},"4":{"start":{"line":6,"column":17},"end":{"line":6,"column":28}},"5":{"start":{"line":7,"column":15},"end":{"line":7,"column":19}},"6":{"start":{"line":8,"column":15},"end":{"line":8,"column":16}},"7":{"start":{"line":9,"column":12},"end":{"line":9,"column":13}},"8":{"start":{"line":10,"column":2},"end":{"line":20,"column":3}},"9":{"start":{"line":11,"column":4},"end":{"line":11,"column":36}},"10":{"start":{"line":12,"column":4},"end":{"line":19,"column":5}},"11":{"start":{"line":13,"column":6},"end":{"line":13,"column":30}},"12":{"start":{"line":14,"column":6},"end":{"line":14,"column":40}},"13":{"start":{"line":15,"column":6},"end":{"line":17,"column":7}},"14":{"start":{"line":16,"column":8},"end":{"line":16,"column":28}},"15":{"start":{"line":18,"column":6},"end":{"line":18,"column":55}},"16":{"start":{"line":21,"column":2},"end":{"line":21,"column":16}},"17":{"start":{"line":24,"column":25},"end":{"line":28,"column":1}},"18":{"start":{"line":25,"column":2},"end":{"line":27,"column":69}}},"fnMap":{"0":{"name":"(anonymous_0)","decl":{"start":{"line":4,"column":25},"end":{"line":4,"column":26}},"loc":{"start":{"line":4,"column":33},"end":{"line":22,"column":1}},"line":4},"1":{"name":"(anonymous_1)","decl":{"start":{"line":24,"column":25},"end":{"line":24,"column":26}},"loc":{"start":{"line":24,"column":94},"end":{"line":28,"column":1}},"line":24}},"branchMap":{"0":{"loc":{"start":{"line":10,"column":2},"end":{"line":20,"column":3}},"type":"if","locations":[{"start":{"line":10,"column":2},"end":{"line":20,"column":3}},{"start":{"line":10,"column":2},"end":{"line":20,"column":3}}],"line":10},"1":{"loc":{"start":{"line":12,"column":4},"end":{"line":19,"column":5}},"type":"if","locations":[{"start":{"line":12,"column":4},"end":{"line":19,"column":5}},{"start":{"line":12,"column":4},"end":{"line":19,"column":5}}],"line":12},"2":{"loc":{"start":{"line":15,"column":6},"end":{"line":17,"column":7}},"type":"if","locations":[{"start":{"line":15,"column":6},"end":{"line":17,"column":7}},{"start":{"line":15,"column":6},"end":{"line":17,"column":7}}],"line":15},"3":{"loc":{"start":{"line":24,"column":39},"end":{"line":24,"column":67}},"type":"default-arg","locations":[{"start":{"line":24,"column":49},"end":{"line":24,"column":67}}],"line":24},"4":{"loc":{"start":{"line":25,"column":47},"end":{"line":25,"column":84}},"type":"cond-expr","locations":[{"start":{"line":25,"column":57},"end":{"line":25,"column":79}},{"start":{"line":25,"column":82},"end":{"line":25,"column":84}}],"line":25},"5":{"loc":{"start":{"line":26,"column":4},"end":{"line":26,"column":32}},"type":"cond-expr","locations":[{"start":{"line":26,"column":11},"end":{"line":26,"column":27}},{"start":{"line":26,"column":30},"end":{"line":26,"column":32}}],"line":26},"6":{"loc":{"start":{"line":27,"column":5},"end":{"line":27,"column":39}},"type":"cond-expr","locations":[{"start":{"line":27,"column":14},"end":{"line":27,"column":34}},{"start":{"line":27,"column":37},"end":{"line":27,"column":39}}],"line":27},"7":{"loc":{"start":{"line":27,"column":42},"end":{"line":27,"column":66}},"type":"cond-expr","locations":[{"start":{"line":27,"column":51},"end":{"line":27,"column":61}},{"start":{"line":27,"column":64},"end":{"line":27,"column":66}}],"line":27}},"s":{"0":1,"1":1,"2":1,"3":1,"4":1,"5":1,"6":1,"7":1,"8":1,"9":1,"10":1,"11":0,"12":0,"13":0,"14":0,"15":0,"16":1,"17":1,"18":0},"f":{"0":1,"1":0},"b":{"0":[1,0],"1":[0,1],"2":[0,0],"3":[0],"4":[0,0],"5":[0,0],"6":[0,0],"7":[0,0]},"_coverageSchema":"43e27e138ebf9cfc5966b082cf9a028302ed4184","hash":"49ecc688615c97833bbb2f8cf6e19a9d01ec4f48"}
,"/home/dell/RubyGarage/Template_react_webpack/app/helpers/format.js": {"path":"/home/dell/RubyGarage/Template_react_webpack/app/helpers/format.js","statementMap":{"0":{"start":{"line":1,"column":27},"end":{"line":1,"column":84}},"1":{"start":{"line":1,"column":34},"end":{"line":1,"column":84}},"2":{"start":{"line":2,"column":26},"end":{"line":2,"column":70}},"3":{"start":{"line":2,"column":33},"end":{"line":2,"column":70}}},"fnMap":{"0":{"name":"(anonymous_0)","decl":{"start":{"line":1,"column":27},"end":{"line":1,"column":28}},"loc":{"start":{"line":1,"column":34},"end":{"line":1,"column":84}},"line":1},"1":{"name":"(anonymous_1)","decl":{"start":{"line":2,"column":26},"end":{"line":2,"column":27}},"loc":{"start":{"line":2,"column":33},"end":{"line":2,"column":70}},"line":2}},"branchMap":{},"s":{"0":3,"1":1,"2":3,"3":1},"f":{"0":1,"1":1},"b":{},"_coverageSchema":"43e27e138ebf9cfc5966b082cf9a028302ed4184","hash":"d8fd7cc93b63f9f37f096aefa60b7eb57958a91d"}
,"/home/dell/RubyGarage/Template_react_webpack/app/shared/forms/Button/component.jsx": {"path":"/home/dell/RubyGarage/Template_react_webpack/app/shared/forms/Button/component.jsx","statementMap":{"0":{"start":{"line":4,"column":19},"end":{"line":10,"column":1}},"1":{"start":{"line":5,"column":2},"end":{"line":9,"column":8}}},"fnMap":{"0":{"name":"(anonymous_0)","decl":{"start":{"line":4,"column":19},"end":{"line":4,"column":20}},"loc":{"start":{"line":5,"column":2},"end":{"line":9,"column":8}},"line":5}},"branchMap":{"0":{"loc":{"start":{"line":4,"column":51},"end":{"line":4,"column":60}},"type":"default-arg","locations":[{"start":{"line":4,"column":58},"end":{"line":4,"column":60}}],"line":4}},"s":{"0":5,"1":2},"f":{"0":2},"b":{"0":[1]},"_coverageSchema":"43e27e138ebf9cfc5966b082cf9a028302ed4184","hash":"bbd790af350fa305ee6bca164879bebb73cfa0a5"}
,"/home/dell/RubyGarage/Template_react_webpack/app/shared/forms/Button/index.jsx": {"path":"/home/dell/RubyGarage/Template_react_webpack/app/shared/forms/Button/index.jsx","statementMap":{},"fnMap":{},"branchMap":{},"s":{},"f":{},"b":{},"_coverageSchema":"43e27e138ebf9cfc5966b082cf9a028302ed4184","hash":"27e7ff6705a4d3435944e5bf1de028b18c9a2cf1"}
,"/home/dell/RubyGarage/Template_react_webpack/app/shared/forms/FormField/component.jsx": {"path":"/home/dell/RubyGarage/Template_react_webpack/app/shared/forms/FormField/component.jsx","statementMap":{"0":{"start":{"line":5,"column":18},"end":{"line":16,"column":1}},"1":{"start":{"line":12,"column":2},"end":{"line":15,"column":8}}},"fnMap":{"0":{"name":"(anonymous_0)","decl":{"start":{"line":5,"column":18},"end":{"line":5,"column":19}},"loc":{"start":{"line":12,"column":2},"end":{"line":15,"column":8}},"line":12}},"branchMap":{"0":{"loc":{"start":{"line":9,"column":2},"end":{"line":9,"column":21}},"type":"default-arg","locations":[{"start":{"line":9,"column":16},"end":{"line":9,"column":21}}],"line":9},"1":{"loc":{"start":{"line":12,"column":32},"end":{"line":12,"column":90}},"type":"cond-expr","locations":[{"start":{"line":12,"column":64},"end":{"line":12,"column":85}},{"start":{"line":12,"column":88},"end":{"line":12,"column":90}}],"line":12},"2":{"loc":{"start":{"line":12,"column":32},"end":{"line":12,"column":61}},"type":"binary-expr","locations":[{"start":{"line":12,"column":32},"end":{"line":12,"column":45}},{"start":{"line":12,"column":49},"end":{"line":12,"column":61}}],"line":12}},"s":{"0":5,"1":2},"f":{"0":2},"b":{"0":[2],"1":[1,1],"2":[2,1]},"_coverageSchema":"43e27e138ebf9cfc5966b082cf9a028302ed4184","hash":"c562a92a184b92b27a5499c8223379a98ed64864"}
,"/home/dell/RubyGarage/Template_react_webpack/app/shared/forms/FormField/index.jsx": {"path":"/home/dell/RubyGarage/Template_react_webpack/app/shared/forms/FormField/index.jsx","statementMap":{},"fnMap":{},"branchMap":{},"s":{},"f":{},"b":{},"_coverageSchema":"43e27e138ebf9cfc5966b082cf9a028302ed4184","hash":"b1e247e374199ed6ac74b4b623f039def4db3e3f"}
,"/home/dell/RubyGarage/Template_react_webpack/app/store/theMovieDB/account/actionTypes.js": {"path":"/home/dell/RubyGarage/Template_react_webpack/app/store/theMovieDB/account/actionTypes.js","statementMap":{"0":{"start":{"line":1,"column":31},"end":{"line":1,"column":48}},"1":{"start":{"line":2,"column":31},"end":{"line":2,"column":48}},"2":{"start":{"line":3,"column":31},"end":{"line":3,"column":48}}},"fnMap":{},"branchMap":{},"s":{"0":3,"1":3,"2":3},"f":{},"b":{},"_coverageSchema":"43e27e138ebf9cfc5966b082cf9a028302ed4184","hash":"5240509d7fb9fc752d9bc604096e86e9c0e92f4b"}
,"/home/dell/RubyGarage/Template_react_webpack/app/store/theMovieDB/account/actions.js": {"path":"/home/dell/RubyGarage/Template_react_webpack/app/store/theMovieDB/account/actions.js","statementMap":{"0":{"start":{"line":3,"column":30},"end":{"line":3,"column":65}},"1":{"start":{"line":3,"column":37},"end":{"line":3,"column":64}},"2":{"start":{"line":4,"column":30},"end":{"line":4,"column":79}},"3":{"start":{"line":4,"column":42},"end":{"line":4,"column":78}},"4":{"start":{"line":5,"column":30},"end":{"line":5,"column":79}},"5":{"start":{"line":5,"column":42},"end":{"line":5,"column":78}}},"fnMap":{"0":{"name":"(anonymous_0)","decl":{"start":{"line":3,"column":30},"end":{"line":3,"column":31}},"loc":{"start":{"line":3,"column":37},"end":{"line":3,"column":64}},"line":3},"1":{"name":"(anonymous_1)","decl":{"start":{"line":4,"column":30},"end":{"line":4,"column":31}},"loc":{"start":{"line":4,"column":42},"end":{"line":4,"column":78}},"line":4},"2":{"name":"(anonymous_2)","decl":{"start":{"line":5,"column":30},"end":{"line":5,"column":31}},"loc":{"start":{"line":5,"column":42},"end":{"line":5,"column":78}},"line":5}},"branchMap":{},"s":{"0":2,"1":1,"2":2,"3":1,"4":2,"5":1},"f":{"0":1,"1":1,"2":1},"b":{},"_coverageSchema":"43e27e138ebf9cfc5966b082cf9a028302ed4184","hash":"756c45e498ee4f8b63a2d5096309e0a7bd1f3a79"}
,"/home/dell/RubyGarage/Template_react_webpack/app/store/theMovieDB/account/reducers.js": {"path":"/home/dell/RubyGarage/Template_react_webpack/app/store/theMovieDB/account/reducers.js","statementMap":{"0":{"start":{"line":3,"column":28},"end":{"line":12,"column":1}},"1":{"start":{"line":15,"column":30},"end":{"line":43,"column":1}},"2":{"start":{"line":16,"column":2},"end":{"line":42,"column":3}},"3":{"start":{"line":18,"column":6},"end":{"line":22,"column":8}},"4":{"start":{"line":24,"column":6},"end":{"line":33,"column":8}},"5":{"start":{"line":35,"column":6},"end":{"line":39,"column":8}},"6":{"start":{"line":41,"column":6},"end":{"line":41,"column":19}}},"fnMap":{"0":{"name":"(anonymous_0)","decl":{"start":{"line":15,"column":30},"end":{"line":15,"column":31}},"loc":{"start":{"line":15,"column":64},"end":{"line":43,"column":1}},"line":15}},"branchMap":{"0":{"loc":{"start":{"line":15,"column":31},"end":{"line":15,"column":51}},"type":"default-arg","locations":[{"start":{"line":15,"column":39},"end":{"line":15,"column":51}}],"line":15},"1":{"loc":{"start":{"line":16,"column":2},"end":{"line":42,"column":3}},"type":"switch","locations":[{"start":{"line":17,"column":4},"end":{"line":22,"column":8}},{"start":{"line":23,"column":4},"end":{"line":33,"column":8}},{"start":{"line":34,"column":4},"end":{"line":39,"column":8}},{"start":{"line":40,"column":4},"end":{"line":41,"column":19}}],"line":16}},"s":{"0":1,"1":1,"2":4,"3":1,"4":1,"5":1,"6":1},"f":{"0":4},"b":{"0":[1],"1":[1,1,1,1]},"_coverageSchema":"43e27e138ebf9cfc5966b082cf9a028302ed4184","hash":"09c8a8041dae66eb2c28083b6653aa7c56652c35"}
,"/home/dell/RubyGarage/Template_react_webpack/app/store/theMovieDB/account/selectors.js": {"path":"/home/dell/RubyGarage/Template_react_webpack/app/store/theMovieDB/account/selectors.js","statementMap":{"0":{"start":{"line":1,"column":26},"end":{"line":1,"column":62}},"1":{"start":{"line":1,"column":35},"end":{"line":1,"column":62}},"2":{"start":{"line":2,"column":30},"end":{"line":3,"column":64}},"3":{"start":{"line":3,"column":2},"end":{"line":3,"column":64}}},"fnMap":{"0":{"name":"(anonymous_0)","decl":{"start":{"line":1,"column":26},"end":{"line":1,"column":27}},"loc":{"start":{"line":1,"column":35},"end":{"line":1,"column":62}},"line":1},"1":{"name":"(anonymous_1)","decl":{"start":{"line":2,"column":30},"end":{"line":2,"column":31}},"loc":{"start":{"line":3,"column":2},"end":{"line":3,"column":64}},"line":3}},"branchMap":{"0":{"loc":{"start":{"line":3,"column":2},"end":{"line":3,"column":64}},"type":"binary-expr","locations":[{"start":{"line":3,"column":2},"end":{"line":3,"column":29}},{"start":{"line":3,"column":33},"end":{"line":3,"column":64}}],"line":3}},"s":{"0":2,"1":1,"2":2,"3":0},"f":{"0":1,"1":0},"b":{"0":[0,0]},"_coverageSchema":"43e27e138ebf9cfc5966b082cf9a028302ed4184","hash":"0ce2c9994ffe513b437df227345b04253e7c9586"}
,"/home/dell/RubyGarage/Template_react_webpack/app/store/theMovieDB/list/actionTypes.js": {"path":"/home/dell/RubyGarage/Template_react_webpack/app/store/theMovieDB/list/actionTypes.js","statementMap":{"0":{"start":{"line":1,"column":35},"end":{"line":1,"column":56}},"1":{"start":{"line":2,"column":35},"end":{"line":2,"column":56}},"2":{"start":{"line":3,"column":35},"end":{"line":3,"column":56}},"3":{"start":{"line":5,"column":33},"end":{"line":5,"column":52}},"4":{"start":{"line":6,"column":33},"end":{"line":6,"column":52}},"5":{"start":{"line":7,"column":33},"end":{"line":7,"column":52}}},"fnMap":{},"branchMap":{},"s":{"0":2,"1":2,"2":2,"3":2,"4":2,"5":2},"f":{},"b":{},"_coverageSchema":"43e27e138ebf9cfc5966b082cf9a028302ed4184","hash":"487b048dfcc1e8c8ad785cdb7156e3425d2d382e"}
,"/home/dell/RubyGarage/Template_react_webpack/app/store/theMovieDB/list/actions.js": {"path":"/home/dell/RubyGarage/Template_react_webpack/app/store/theMovieDB/list/actions.js","statementMap":{"0":{"start":{"line":4,"column":33},"end":{"line":4,"column":86}},"1":{"start":{"line":4,"column":45},"end":{"line":4,"column":85}},"2":{"start":{"line":5,"column":33},"end":{"line":5,"column":86}},"3":{"start":{"line":5,"column":45},"end":{"line":5,"column":85}},"4":{"start":{"line":6,"column":33},"end":{"line":6,"column":86}},"5":{"start":{"line":6,"column":45},"end":{"line":6,"column":85}}},"fnMap":{"0":{"name":"(anonymous_0)","decl":{"start":{"line":4,"column":33},"end":{"line":4,"column":34}},"loc":{"start":{"line":4,"column":45},"end":{"line":4,"column":85}},"line":4},"1":{"name":"(anonymous_1)","decl":{"start":{"line":5,"column":33},"end":{"line":5,"column":34}},"loc":{"start":{"line":5,"column":45},"end":{"line":5,"column":85}},"line":5},"2":{"name":"(anonymous_2)","decl":{"start":{"line":6,"column":33},"end":{"line":6,"column":34}},"loc":{"start":{"line":6,"column":45},"end":{"line":6,"column":85}},"line":6}},"branchMap":{},"s":{"0":1,"1":1,"2":1,"3":1,"4":1,"5":1},"f":{"0":1,"1":1,"2":1},"b":{},"_coverageSchema":"43e27e138ebf9cfc5966b082cf9a028302ed4184","hash":"7da4c37838e6349f0eefdddf900393d06cc17f50"}
,"/home/dell/RubyGarage/Template_react_webpack/app/store/theMovieDB/list/reducers.js": {"path":"/home/dell/RubyGarage/Template_react_webpack/app/store/theMovieDB/list/reducers.js","statementMap":{"0":{"start":{"line":3,"column":38},"end":{"line":10,"column":1}},"1":{"start":{"line":13,"column":33},"end":{"line":39,"column":1}},"2":{"start":{"line":14,"column":2},"end":{"line":38,"column":3}},"3":{"start":{"line":16,"column":6},"end":{"line":20,"column":8}},"4":{"start":{"line":22,"column":6},"end":{"line":29,"column":8}},"5":{"start":{"line":31,"column":6},"end":{"line":35,"column":8}},"6":{"start":{"line":37,"column":6},"end":{"line":37,"column":19}}},"fnMap":{"0":{"name":"(anonymous_0)","decl":{"start":{"line":13,"column":33},"end":{"line":13,"column":34}},"loc":{"start":{"line":13,"column":77},"end":{"line":39,"column":1}},"line":13}},"branchMap":{"0":{"loc":{"start":{"line":13,"column":34},"end":{"line":13,"column":64}},"type":"default-arg","locations":[{"start":{"line":13,"column":42},"end":{"line":13,"column":64}}],"line":13},"1":{"loc":{"start":{"line":14,"column":2},"end":{"line":38,"column":3}},"type":"switch","locations":[{"start":{"line":15,"column":4},"end":{"line":20,"column":8}},{"start":{"line":21,"column":4},"end":{"line":29,"column":8}},{"start":{"line":30,"column":4},"end":{"line":35,"column":8}},{"start":{"line":36,"column":4},"end":{"line":37,"column":19}}],"line":14}},"s":{"0":1,"1":1,"2":5,"3":2,"4":1,"5":1,"6":1},"f":{"0":5},"b":{"0":[1],"1":[2,1,1,1]},"_coverageSchema":"43e27e138ebf9cfc5966b082cf9a028302ed4184","hash":"e3b07109beb67323684513a7bea4edb2d3ac834e"}
,"/home/dell/RubyGarage/Template_react_webpack/app/store/theMovieDB/list/selectors.js": {"path":"/home/dell/RubyGarage/Template_react_webpack/app/store/theMovieDB/list/selectors.js","statementMap":{"0":{"start":{"line":1,"column":29},"end":{"line":1,"column":62}},"1":{"start":{"line":1,"column":38},"end":{"line":1,"column":62}}},"fnMap":{"0":{"name":"(anonymous_0)","decl":{"start":{"line":1,"column":29},"end":{"line":1,"column":30}},"loc":{"start":{"line":1,"column":38},"end":{"line":1,"column":62}},"line":1}},"branchMap":{},"s":{"0":1,"1":1},"f":{"0":1},"b":{},"_coverageSchema":"43e27e138ebf9cfc5966b082cf9a028302ed4184","hash":"c7963406a2c13945185b0c10c1daab1285d0d2e5"}
,"/home/dell/RubyGarage/Template_react_webpack/app/store/theMovieDB/login/actionTypes.js": {"path":"/home/dell/RubyGarage/Template_react_webpack/app/store/theMovieDB/login/actionTypes.js","statementMap":{"0":{"start":{"line":1,"column":38},"end":{"line":1,"column":62}},"1":{"start":{"line":2,"column":38},"end":{"line":2,"column":62}},"2":{"start":{"line":3,"column":38},"end":{"line":3,"column":62}},"3":{"start":{"line":5,"column":38},"end":{"line":5,"column":62}},"4":{"start":{"line":6,"column":38},"end":{"line":6,"column":62}},"5":{"start":{"line":7,"column":38},"end":{"line":7,"column":62}}},"fnMap":{},"branchMap":{},"s":{"0":4,"1":4,"2":4,"3":4,"4":4,"5":4},"f":{},"b":{},"_coverageSchema":"43e27e138ebf9cfc5966b082cf9a028302ed4184","hash":"5c0c19457d241fff412cd1f75e89819cd1db5275"}
,"/home/dell/RubyGarage/Template_react_webpack/app/store/theMovieDB/login/actions.js": {"path":"/home/dell/RubyGarage/Template_react_webpack/app/store/theMovieDB/login/actions.js","statementMap":{"0":{"start":{"line":3,"column":36},"end":{"line":3,"column":92}},"1":{"start":{"line":3,"column":48},"end":{"line":3,"column":91}},"2":{"start":{"line":4,"column":36},"end":{"line":4,"column":92}},"3":{"start":{"line":4,"column":48},"end":{"line":4,"column":91}},"4":{"start":{"line":5,"column":36},"end":{"line":5,"column":92}},"5":{"start":{"line":5,"column":48},"end":{"line":5,"column":91}},"6":{"start":{"line":7,"column":36},"end":{"line":7,"column":78}},"7":{"start":{"line":7,"column":43},"end":{"line":7,"column":77}},"8":{"start":{"line":8,"column":36},"end":{"line":8,"column":92}},"9":{"start":{"line":8,"column":48},"end":{"line":8,"column":91}},"10":{"start":{"line":9,"column":36},"end":{"line":9,"column":92}},"11":{"start":{"line":9,"column":48},"end":{"line":9,"column":91}}},"fnMap":{"0":{"name":"(anonymous_0)","decl":{"start":{"line":3,"column":36},"end":{"line":3,"column":37}},"loc":{"start":{"line":3,"column":48},"end":{"line":3,"column":91}},"line":3},"1":{"name":"(anonymous_1)","decl":{"start":{"line":4,"column":36},"end":{"line":4,"column":37}},"loc":{"start":{"line":4,"column":48},"end":{"line":4,"column":91}},"line":4},"2":{"name":"(anonymous_2)","decl":{"start":{"line":5,"column":36},"end":{"line":5,"column":37}},"loc":{"start":{"line":5,"column":48},"end":{"line":5,"column":91}},"line":5},"3":{"name":"(anonymous_3)","decl":{"start":{"line":7,"column":36},"end":{"line":7,"column":37}},"loc":{"start":{"line":7,"column":43},"end":{"line":7,"column":77}},"line":7},"4":{"name":"(anonymous_4)","decl":{"start":{"line":8,"column":36},"end":{"line":8,"column":37}},"loc":{"start":{"line":8,"column":48},"end":{"line":8,"column":91}},"line":8},"5":{"name":"(anonymous_5)","decl":{"start":{"line":9,"column":36},"end":{"line":9,"column":37}},"loc":{"start":{"line":9,"column":48},"end":{"line":9,"column":91}},"line":9}},"branchMap":{},"s":{"0":3,"1":1,"2":3,"3":1,"4":3,"5":1,"6":3,"7":1,"8":3,"9":1,"10":3,"11":1},"f":{"0":1,"1":1,"2":1,"3":1,"4":1,"5":1},"b":{},"_coverageSchema":"43e27e138ebf9cfc5966b082cf9a028302ed4184","hash":"eb5bc29ee097d88b4f9fd3e064e67b2aa2653795"}
,"/home/dell/RubyGarage/Template_react_webpack/app/store/theMovieDB/login/reducers.js": {"path":"/home/dell/RubyGarage/Template_react_webpack/app/store/theMovieDB/login/reducers.js","statementMap":{"0":{"start":{"line":4,"column":33},"end":{"line":8,"column":1}},"1":{"start":{"line":11,"column":28},"end":{"line":52,"column":1}},"2":{"start":{"line":12,"column":2},"end":{"line":51,"column":3}},"3":{"start":{"line":14,"column":6},"end":{"line":18,"column":8}},"4":{"start":{"line":20,"column":6},"end":{"line":24,"column":8}},"5":{"start":{"line":26,"column":6},"end":{"line":30,"column":8}},"6":{"start":{"line":32,"column":6},"end":{"line":36,"column":8}},"7":{"start":{"line":38,"column":6},"end":{"line":42,"column":8}},"8":{"start":{"line":44,"column":6},"end":{"line":48,"column":8}},"9":{"start":{"line":50,"column":6},"end":{"line":50,"column":19}}},"fnMap":{"0":{"name":"(anonymous_0)","decl":{"start":{"line":11,"column":28},"end":{"line":11,"column":29}},"loc":{"start":{"line":11,"column":67},"end":{"line":52,"column":1}},"line":11}},"branchMap":{"0":{"loc":{"start":{"line":11,"column":29},"end":{"line":11,"column":54}},"type":"default-arg","locations":[{"start":{"line":11,"column":37},"end":{"line":11,"column":54}}],"line":11},"1":{"loc":{"start":{"line":12,"column":2},"end":{"line":51,"column":3}},"type":"switch","locations":[{"start":{"line":13,"column":4},"end":{"line":18,"column":8}},{"start":{"line":19,"column":4},"end":{"line":24,"column":8}},{"start":{"line":25,"column":4},"end":{"line":30,"column":8}},{"start":{"line":31,"column":4},"end":{"line":36,"column":8}},{"start":{"line":37,"column":4},"end":{"line":42,"column":8}},{"start":{"line":43,"column":4},"end":{"line":48,"column":8}},{"start":{"line":49,"column":4},"end":{"line":50,"column":19}}],"line":12}},"s":{"0":1,"1":1,"2":8,"3":2,"4":1,"5":1,"6":1,"7":1,"8":1,"9":1},"f":{"0":8},"b":{"0":[1],"1":[2,1,1,1,1,1,1]},"_coverageSchema":"43e27e138ebf9cfc5966b082cf9a028302ed4184","hash":"892cbc4e333ec4bb271dd9a1e1fbd4040ce6d64f"}
,"/home/dell/RubyGarage/Template_react_webpack/app/store/theMovieDB/login/selectors.js": {"path":"/home/dell/RubyGarage/Template_react_webpack/app/store/theMovieDB/login/selectors.js","statementMap":{"0":{"start":{"line":1,"column":28},"end":{"line":1,"column":68}},"1":{"start":{"line":1,"column":37},"end":{"line":1,"column":68}},"2":{"start":{"line":2,"column":26},"end":{"line":2,"column":61}},"3":{"start":{"line":2,"column":35},"end":{"line":2,"column":61}}},"fnMap":{"0":{"name":"(anonymous_0)","decl":{"start":{"line":1,"column":28},"end":{"line":1,"column":29}},"loc":{"start":{"line":1,"column":37},"end":{"line":1,"column":68}},"line":1},"1":{"name":"(anonymous_1)","decl":{"start":{"line":2,"column":26},"end":{"line":2,"column":27}},"loc":{"start":{"line":2,"column":35},"end":{"line":2,"column":61}},"line":2}},"branchMap":{},"s":{"0":3,"1":1,"2":3,"3":1},"f":{"0":1,"1":1},"b":{},"_coverageSchema":"43e27e138ebf9cfc5966b082cf9a028302ed4184","hash":"4392ceb9944be252c9ddd391b0c1dd50e9c30f01"}
,"/home/dell/RubyGarage/Template_react_webpack/app/store/theMovieDB/movie/actionTypes.js": {"path":"/home/dell/RubyGarage/Template_react_webpack/app/store/theMovieDB/movie/actionTypes.js","statementMap":{"0":{"start":{"line":1,"column":29},"end":{"line":1,"column":44}},"1":{"start":{"line":2,"column":29},"end":{"line":2,"column":44}},"2":{"start":{"line":3,"column":29},"end":{"line":3,"column":44}}},"fnMap":{},"branchMap":{},"s":{"0":3,"1":3,"2":3},"f":{},"b":{},"_coverageSchema":"43e27e138ebf9cfc5966b082cf9a028302ed4184","hash":"d885a41825aab4d883a6ac7f9c7ffc355ad084a6"}
,"/home/dell/RubyGarage/Template_react_webpack/app/store/theMovieDB/movie/actions.js": {"path":"/home/dell/RubyGarage/Template_react_webpack/app/store/theMovieDB/movie/actions.js","statementMap":{"0":{"start":{"line":3,"column":28},"end":{"line":3,"column":75}},"1":{"start":{"line":3,"column":40},"end":{"line":3,"column":74}},"2":{"start":{"line":4,"column":28},"end":{"line":4,"column":75}},"3":{"start":{"line":4,"column":40},"end":{"line":4,"column":74}},"4":{"start":{"line":5,"column":28},"end":{"line":5,"column":75}},"5":{"start":{"line":5,"column":40},"end":{"line":5,"column":74}}},"fnMap":{"0":{"name":"(anonymous_0)","decl":{"start":{"line":3,"column":28},"end":{"line":3,"column":29}},"loc":{"start":{"line":3,"column":40},"end":{"line":3,"column":74}},"line":3},"1":{"name":"(anonymous_1)","decl":{"start":{"line":4,"column":28},"end":{"line":4,"column":29}},"loc":{"start":{"line":4,"column":40},"end":{"line":4,"column":74}},"line":4},"2":{"name":"(anonymous_2)","decl":{"start":{"line":5,"column":28},"end":{"line":5,"column":29}},"loc":{"start":{"line":5,"column":40},"end":{"line":5,"column":74}},"line":5}},"branchMap":{},"s":{"0":2,"1":1,"2":2,"3":1,"4":2,"5":1},"f":{"0":1,"1":1,"2":1},"b":{},"_coverageSchema":"43e27e138ebf9cfc5966b082cf9a028302ed4184","hash":"f7eabf50e8c309b53f5df1d0c96377575183b713"}
,"/home/dell/RubyGarage/Template_react_webpack/app/store/theMovieDB/movie/reducers.js": {"path":"/home/dell/RubyGarage/Template_react_webpack/app/store/theMovieDB/movie/reducers.js","statementMap":{"0":{"start":{"line":3,"column":33},"end":{"line":24,"column":1}},"1":{"start":{"line":27,"column":28},"end":{"line":67,"column":1}},"2":{"start":{"line":28,"column":2},"end":{"line":66,"column":3}},"3":{"start":{"line":30,"column":6},"end":{"line":34,"column":8}},"4":{"start":{"line":36,"column":6},"end":{"line":57,"column":8}},"5":{"start":{"line":59,"column":6},"end":{"line":63,"column":8}},"6":{"start":{"line":65,"column":6},"end":{"line":65,"column":19}}},"fnMap":{"0":{"name":"(anonymous_0)","decl":{"start":{"line":27,"column":28},"end":{"line":27,"column":29}},"loc":{"start":{"line":27,"column":67},"end":{"line":67,"column":1}},"line":27}},"branchMap":{"0":{"loc":{"start":{"line":27,"column":29},"end":{"line":27,"column":54}},"type":"default-arg","locations":[{"start":{"line":27,"column":37},"end":{"line":27,"column":54}}],"line":27},"1":{"loc":{"start":{"line":28,"column":2},"end":{"line":66,"column":3}},"type":"switch","locations":[{"start":{"line":29,"column":4},"end":{"line":34,"column":8}},{"start":{"line":35,"column":4},"end":{"line":57,"column":8}},{"start":{"line":58,"column":4},"end":{"line":63,"column":8}},{"start":{"line":64,"column":4},"end":{"line":65,"column":19}}],"line":28}},"s":{"0":1,"1":1,"2":4,"3":1,"4":1,"5":1,"6":1},"f":{"0":4},"b":{"0":[1],"1":[1,1,1,1]},"_coverageSchema":"43e27e138ebf9cfc5966b082cf9a028302ed4184","hash":"ea8f984be792f4b8a08c1f87e3b2004478aa57ac"}
,"/home/dell/RubyGarage/Template_react_webpack/app/store/theMovieDB/movie/selectors.js": {"path":"/home/dell/RubyGarage/Template_react_webpack/app/store/theMovieDB/movie/selectors.js","statementMap":{"0":{"start":{"line":1,"column":24},"end":{"line":1,"column":58}},"1":{"start":{"line":1,"column":33},"end":{"line":1,"column":58}},"2":{"start":{"line":2,"column":28},"end":{"line":3,"column":60}},"3":{"start":{"line":3,"column":2},"end":{"line":3,"column":60}}},"fnMap":{"0":{"name":"(anonymous_0)","decl":{"start":{"line":1,"column":24},"end":{"line":1,"column":25}},"loc":{"start":{"line":1,"column":33},"end":{"line":1,"column":58}},"line":1},"1":{"name":"(anonymous_1)","decl":{"start":{"line":2,"column":28},"end":{"line":2,"column":29}},"loc":{"start":{"line":3,"column":2},"end":{"line":3,"column":60}},"line":3}},"branchMap":{"0":{"loc":{"start":{"line":3,"column":2},"end":{"line":3,"column":60}},"type":"binary-expr","locations":[{"start":{"line":3,"column":2},"end":{"line":3,"column":27}},{"start":{"line":3,"column":31},"end":{"line":3,"column":60}}],"line":3}},"s":{"0":2,"1":1,"2":2,"3":0},"f":{"0":1,"1":0},"b":{"0":[0,0]},"_coverageSchema":"43e27e138ebf9cfc5966b082cf9a028302ed4184","hash":"c4d506d0e61215e8b3bdafb868999e7808807ce9"}
,"/home/dell/RubyGarage/Template_react_webpack/app/store/theMovieDB/search/actionTypes.js": {"path":"/home/dell/RubyGarage/Template_react_webpack/app/store/theMovieDB/search/actionTypes.js","statementMap":{"0":{"start":{"line":1,"column":30},"end":{"line":1,"column":46}},"1":{"start":{"line":2,"column":30},"end":{"line":2,"column":46}},"2":{"start":{"line":3,"column":30},"end":{"line":3,"column":46}}},"fnMap":{},"branchMap":{},"s":{"0":5,"1":5,"2":5},"f":{},"b":{},"_coverageSchema":"43e27e138ebf9cfc5966b082cf9a028302ed4184","hash":"7189907e98841f8f49a3bf36a81a0464c7dffc12"}
,"/home/dell/RubyGarage/Template_react_webpack/app/store/theMovieDB/search/actions.js": {"path":"/home/dell/RubyGarage/Template_react_webpack/app/store/theMovieDB/search/actions.js","statementMap":{"0":{"start":{"line":3,"column":29},"end":{"line":3,"column":77}},"1":{"start":{"line":3,"column":41},"end":{"line":3,"column":76}},"2":{"start":{"line":4,"column":29},"end":{"line":4,"column":77}},"3":{"start":{"line":4,"column":41},"end":{"line":4,"column":76}},"4":{"start":{"line":5,"column":29},"end":{"line":5,"column":77}},"5":{"start":{"line":5,"column":41},"end":{"line":5,"column":76}}},"fnMap":{"0":{"name":"(anonymous_0)","decl":{"start":{"line":3,"column":29},"end":{"line":3,"column":30}},"loc":{"start":{"line":3,"column":41},"end":{"line":3,"column":76}},"line":3},"1":{"name":"(anonymous_1)","decl":{"start":{"line":4,"column":29},"end":{"line":4,"column":30}},"loc":{"start":{"line":4,"column":41},"end":{"line":4,"column":76}},"line":4},"2":{"name":"(anonymous_2)","decl":{"start":{"line":5,"column":29},"end":{"line":5,"column":30}},"loc":{"start":{"line":5,"column":41},"end":{"line":5,"column":76}},"line":5}},"branchMap":{},"s":{"0":4,"1":1,"2":4,"3":1,"4":4,"5":1},"f":{"0":1,"1":1,"2":1},"b":{},"_coverageSchema":"43e27e138ebf9cfc5966b082cf9a028302ed4184","hash":"62da40880d5372654babaaa761b0e8b42fe824aa"}
,"/home/dell/RubyGarage/Template_react_webpack/app/store/theMovieDB/search/reducers.js": {"path":"/home/dell/RubyGarage/Template_react_webpack/app/store/theMovieDB/search/reducers.js","statementMap":{"0":{"start":{"line":3,"column":34},"end":{"line":12,"column":1}},"1":{"start":{"line":15,"column":29},"end":{"line":43,"column":1}},"2":{"start":{"line":16,"column":2},"end":{"line":42,"column":3}},"3":{"start":{"line":18,"column":6},"end":{"line":22,"column":8}},"4":{"start":{"line":24,"column":6},"end":{"line":33,"column":8}},"5":{"start":{"line":35,"column":6},"end":{"line":39,"column":8}},"6":{"start":{"line":41,"column":6},"end":{"line":41,"column":19}}},"fnMap":{"0":{"name":"(anonymous_0)","decl":{"start":{"line":15,"column":29},"end":{"line":15,"column":30}},"loc":{"start":{"line":15,"column":69},"end":{"line":43,"column":1}},"line":15}},"branchMap":{"0":{"loc":{"start":{"line":15,"column":30},"end":{"line":15,"column":56}},"type":"default-arg","locations":[{"start":{"line":15,"column":38},"end":{"line":15,"column":56}}],"line":15},"1":{"loc":{"start":{"line":16,"column":2},"end":{"line":42,"column":3}},"type":"switch","locations":[{"start":{"line":17,"column":4},"end":{"line":22,"column":8}},{"start":{"line":23,"column":4},"end":{"line":33,"column":8}},{"start":{"line":34,"column":4},"end":{"line":39,"column":8}},{"start":{"line":40,"column":4},"end":{"line":41,"column":19}}],"line":16}},"s":{"0":1,"1":1,"2":4,"3":1,"4":1,"5":1,"6":1},"f":{"0":4},"b":{"0":[1],"1":[1,1,1,1]},"_coverageSchema":"43e27e138ebf9cfc5966b082cf9a028302ed4184","hash":"1cba6d3880b8b7e01ef716b0147f282552694dc7"}
,"/home/dell/RubyGarage/Template_react_webpack/app/store/theMovieDB/search/selectors.js": {"path":"/home/dell/RubyGarage/Template_react_webpack/app/store/theMovieDB/search/selectors.js","statementMap":{"0":{"start":{"line":1,"column":25},"end":{"line":1,"column":60}},"1":{"start":{"line":1,"column":34},"end":{"line":1,"column":60}}},"fnMap":{"0":{"name":"(anonymous_0)","decl":{"start":{"line":1,"column":25},"end":{"line":1,"column":26}},"loc":{"start":{"line":1,"column":34},"end":{"line":1,"column":60}},"line":1}},"branchMap":{},"s":{"0":4,"1":1},"f":{"0":1},"b":{},"_coverageSchema":"43e27e138ebf9cfc5966b082cf9a028302ed4184","hash":"549cf88b96dde77eb3f1f6513349196b1191d05f"}
,"/home/dell/RubyGarage/Template_react_webpack/app/store/theMovieDB/trending/actionTypes.js": {"path":"/home/dell/RubyGarage/Template_react_webpack/app/store/theMovieDB/trending/actionTypes.js","statementMap":{"0":{"start":{"line":1,"column":32},"end":{"line":1,"column":50}},"1":{"start":{"line":2,"column":32},"end":{"line":2,"column":50}},"2":{"start":{"line":3,"column":32},"end":{"line":3,"column":50}}},"fnMap":{},"branchMap":{},"s":{"0":5,"1":5,"2":5},"f":{},"b":{},"_coverageSchema":"43e27e138ebf9cfc5966b082cf9a028302ed4184","hash":"035bcd70af3000564ce88e1abbed30f545280aa5"}
,"/home/dell/RubyGarage/Template_react_webpack/app/store/theMovieDB/trending/actions.js": {"path":"/home/dell/RubyGarage/Template_react_webpack/app/store/theMovieDB/trending/actions.js","statementMap":{"0":{"start":{"line":3,"column":31},"end":{"line":3,"column":81}},"1":{"start":{"line":3,"column":43},"end":{"line":3,"column":80}},"2":{"start":{"line":4,"column":31},"end":{"line":4,"column":81}},"3":{"start":{"line":4,"column":43},"end":{"line":4,"column":80}},"4":{"start":{"line":5,"column":31},"end":{"line":5,"column":81}},"5":{"start":{"line":5,"column":43},"end":{"line":5,"column":80}}},"fnMap":{"0":{"name":"(anonymous_0)","decl":{"start":{"line":3,"column":31},"end":{"line":3,"column":32}},"loc":{"start":{"line":3,"column":43},"end":{"line":3,"column":80}},"line":3},"1":{"name":"(anonymous_1)","decl":{"start":{"line":4,"column":31},"end":{"line":4,"column":32}},"loc":{"start":{"line":4,"column":43},"end":{"line":4,"column":80}},"line":4},"2":{"name":"(anonymous_2)","decl":{"start":{"line":5,"column":31},"end":{"line":5,"column":32}},"loc":{"start":{"line":5,"column":43},"end":{"line":5,"column":80}},"line":5}},"branchMap":{},"s":{"0":4,"1":1,"2":4,"3":1,"4":4,"5":1},"f":{"0":1,"1":1,"2":1},"b":{},"_coverageSchema":"43e27e138ebf9cfc5966b082cf9a028302ed4184","hash":"babb4ff77172ffe2ef8910eeb11853390bdea778"}
,"/home/dell/RubyGarage/Template_react_webpack/app/store/theMovieDB/trending/reducers.js": {"path":"/home/dell/RubyGarage/Template_react_webpack/app/store/theMovieDB/trending/reducers.js","statementMap":{"0":{"start":{"line":3,"column":36},"end":{"line":11,"column":1}},"1":{"start":{"line":14,"column":31},"end":{"line":41,"column":1}},"2":{"start":{"line":15,"column":2},"end":{"line":40,"column":3}},"3":{"start":{"line":17,"column":6},"end":{"line":21,"column":8}},"4":{"start":{"line":23,"column":6},"end":{"line":31,"column":8}},"5":{"start":{"line":33,"column":6},"end":{"line":37,"column":8}},"6":{"start":{"line":39,"column":6},"end":{"line":39,"column":19}}},"fnMap":{"0":{"name":"(anonymous_0)","decl":{"start":{"line":14,"column":31},"end":{"line":14,"column":32}},"loc":{"start":{"line":14,"column":73},"end":{"line":41,"column":1}},"line":14}},"branchMap":{"0":{"loc":{"start":{"line":14,"column":32},"end":{"line":14,"column":60}},"type":"default-arg","locations":[{"start":{"line":14,"column":40},"end":{"line":14,"column":60}}],"line":14},"1":{"loc":{"start":{"line":15,"column":2},"end":{"line":40,"column":3}},"type":"switch","locations":[{"start":{"line":16,"column":4},"end":{"line":21,"column":8}},{"start":{"line":22,"column":4},"end":{"line":31,"column":8}},{"start":{"line":32,"column":4},"end":{"line":37,"column":8}},{"start":{"line":38,"column":4},"end":{"line":39,"column":19}}],"line":15}},"s":{"0":1,"1":1,"2":4,"3":1,"4":1,"5":1,"6":1},"f":{"0":4},"b":{"0":[1],"1":[1,1,1,1]},"_coverageSchema":"43e27e138ebf9cfc5966b082cf9a028302ed4184","hash":"6def97c8108f53e468e19be9cf4b3145a525d3ba"}
,"/home/dell/RubyGarage/Template_react_webpack/app/store/theMovieDB/trending/selectors.js": {"path":"/home/dell/RubyGarage/Template_react_webpack/app/store/theMovieDB/trending/selectors.js","statementMap":{"0":{"start":{"line":1,"column":27},"end":{"line":1,"column":64}},"1":{"start":{"line":1,"column":36},"end":{"line":1,"column":64}}},"fnMap":{"0":{"name":"(anonymous_0)","decl":{"start":{"line":1,"column":27},"end":{"line":1,"column":28}},"loc":{"start":{"line":1,"column":36},"end":{"line":1,"column":64}},"line":1}},"branchMap":{},"s":{"0":4,"1":1},"f":{"0":1},"b":{},"_coverageSchema":"43e27e138ebf9cfc5966b082cf9a028302ed4184","hash":"c75ca06ad9a580610525c172cf79c69c864559ec"}
}
